<?xml version="1.0" encoding="UTF-8"?>
<!-- Generated by org.testng.reporters.JUnitReportReporter -->
<testsuite hostname="DESKTOP-BGIAH7E" failures="0" tests="1" name="SivaOwnProject.Siva.Login_Page" time="13.027" errors="0" timestamp="2021-11-02T14:29:42 IST" skipped="0">
  <testcase classname="SivaOwnProject.Siva.Login_Page" name="Login" time="13.027"/>
  <system-out/>
</testsuite> <!-- SivaOwnProject.Siva.Login_Page -->
