<?xml version="1.0" encoding="UTF-8"?>
<!-- Generated by org.testng.reporters.JUnitReportReporter -->
<testsuite hostname="DESKTOP-BGIAH7E" failures="0" tests="1" name="SivaOwnProject.Siva.Dropdowns" time="11.952" errors="0" timestamp="2021-11-10T07:52:47 IST" skipped="0">
  <testcase classname="SivaOwnProject.Siva.Dropdowns" name="Login" time="11.952"/>
  <system-out/>
</testsuite> <!-- SivaOwnProject.Siva.Dropdowns -->
